<?xml version="1.0" encoding="UTF-8"?>
<!-- Generated by org.testng.reporters.JUnitReportReporter -->
<testsuite hostname="DESKTOP-FT4TQ7O" failures="0" tests="3" name="webDriverManegar.Login" time="0.043" errors="0" timestamp="2022-11-15T22:44:43 EET" skipped="0">
  <testcase classname="webDriverManegar.Login" name="test_Title_facebook" time="0.022"/>
  <system-out/>
  <testcase classname="webDriverManegar.Login" name="test_title_linkedin" time="0.005"/>
  <system-out/>
  <testcase classname="webDriverManegar.Login" name="test_Title_google" time="0.016"/>
  <system-out/>
</testsuite> <!-- webDriverManegar.Login -->
